1479659039 | /index.php | http://spec.dev/index.php?id=about
1479659044 | /index.php?id=contact | http://spec.dev/index.php
1479659045 | /index.php?id=about | http://spec.dev/index.php?id=contact
1479659046 | /index.php?id=info | http://spec.dev/index.php?id=about
1479659048 | /index.php | http://spec.dev/index.php?id=info
2016-11-20 | /index.php?id=contact | http://spec.dev/index.php
2016-11-20 | /index.php?id=about | http://spec.dev/index.php?id=contact
2016-11-20 | /index.php?id=info | http://spec.dev/index.php?id=about
2016-11-20 | /index.php?id=contact | http://spec.dev/index.php?id=info
2016-11-20 | /index.php | http://spec.dev/index.php?id=contact
2016-11-20 | /index.php | http://spec.dev/index.php?id=contact
2016-11-20 | /index.php?id=contact | http://spec.dev/index.php
2016-11-20 | /index.php?id=about | http://spec.dev/index.php?id=contact
2016-11-20 | /index.php?id=log | http://spec.dev/index.php?id=about
2016-11-20 | /index.php?id=log | http://spec.dev/index.php?id=log
2016-11-20 | /index.php?id=log | http://spec.dev/index.php?id=log
2016-11-20 | /index.php?id=about | http://spec.dev/index.php?id=log
2016-11-20 | /index.php?id=contact | http://spec.dev/index.php?id=about
2016-11-20 | /index.php | http://spec.dev/index.php?id=contact
2016-11-20 | /index.php?id=contact | http://spec.dev/index.php
2016-11-20 | /index.php?id=about | http://spec.dev/index.php?id=contact
2016-11-20 | /index.php?id=info | http://spec.dev/index.php?id=about
2016-11-20 | /index.php?id=log | http://spec.dev/index.php?id=info
2016-11-20 | /index.php?id=gbook | http://spec.dev/index.php?id=log
2016-11-20 | /index.php?id=info | http://spec.dev/index.php?id=gbook
2016-11-20 | /index.php?id=info | http://spec.dev/index.php?id=gbook
2016-11-20 | /index.php?id=info | http://spec.dev/index.php?id=info
2016-11-20 | /index.php?id=about | http://spec.dev/index.php?id=info
2016-11-20 | /index.php?id=contact | http://spec.dev/index.php?id=about
2016-11-20 | /index.php | http://spec.dev/index.php?id=contact
2016-11-20 | /index.php | http://spec.dev/index.php?id=contact
2016-11-20 | /index.php?id=contact | http://spec.dev/index.php
2016-11-20 | /index.php?id=about | http://spec.dev/index.php?id=contact
2016-11-20 | /index.php?id=info | http://spec.dev/index.php?id=about
2016-11-20 | /index.php?id=info | http://spec.dev/index.php?id=about
2016-11-20 | /index.php | http://spec.dev/index.php?id=info
2016-11-20 | /index.php?id=contact | http://spec.dev/index.php
2016-11-20 | /index.php?id=about | http://spec.dev/index.php?id=contact
2016-11-20 | /index.php?id=info | http://spec.dev/index.php?id=about
2016-11-20 | /index.php?id=info | http://spec.dev/index.php?id=about
2016-11-20 | /index.php?id=info | http://spec.dev/index.php?id=about
2016-11-20 | /index.php?id=about | http://spec.dev/index.php?id=info
2016-11-20 | /index.php?id=contact | http://spec.dev/index.php?id=about
2016-11-20 | /index.php | http://spec.dev/index.php?id=contact
2016-11-20 | /index.php?id=log | http://spec.dev/index.php
2016-11-20 | /index.php?id=log | http://spec.dev/index.php
2016-11-20 | /index.php?id=log | http://spec.dev/index.php
2016-11-20 | /index.php?id=log | http://spec.dev/index.php
2016-11-20 | /index.php?id=log | http://spec.dev/index.php
2016-11-20 | /index.php?id=log | http://spec.dev/index.php
2016-11-20 | /index.php?id=log | http://spec.dev/index.php
2016-11-20 | /index.php?id=log | http://spec.dev/index.php
2016-11-20 | /index.php?id=log | http://spec.dev/index.php
2016-11-20 | /index.php?id=contact | http://spec.dev/index.php?id=log
2016-11-20 | /index.php | http://spec.dev/index.php?id=contact
2016-11-20 | /index.php | http://spec.dev/index.php?id=contact
2016-11-20 | /index.php?id=info | http://spec.dev/index.php
2016-11-20 | /index.php?id=log | http://spec.dev/index.php?id=info
2016-11-22 | /index.php?id=log | http://spec.dev/index.php?id=info
2016-11-22 | /index.php?id=log | http://spec.dev/index.php?id=info
2016-11-23 | /index.php?id=log | http://spec.dev/index.php?id=info
2016-11-23 | /index.php?id=log | http://spec.dev/index.php?id=info
2016-11-23 | /index.php | http://spec.dev/index.php?id=log
2016-11-23 | /index.php?id=contact | http://spec.dev/index.php
2016-11-23 | /index.php?id=contact | http://spec.dev/index.php
2016-11-23 | /index.php?id=contact | http://spec.dev/index.php?id=contact
2016-11-23 | / | 
2016-11-23 | /index.php?id=contact | http://spec.dev/
2016-11-23 | /index.php?id=contact | http://spec.dev/index.php?id=contact
2016-11-23 | /index.php?id=contact | http://spec.dev/index.php?id=contact
2016-11-23 | /index.php?id=contact | http://spec.dev/index.php?id=contact
2016-11-23 | /index.php?id=contact | http://spec.dev/index.php?id=contact
2016-11-27 | / | 
2016-11-27 | /index.php?id=gbook | http://spec.dev/
2016-11-27 | /index.php?id=gbook | http://spec.dev/index.php?id=gbook
2016-11-27 | /index.php?id=gbook | http://spec.dev/index.php?id=gbook
2016-11-27 | /index.php?id=gbook | http://spec.dev/index.php?id=gbook
2016-11-27 | /index.php?id=gbook | http://spec.dev/index.php?id=gbook
2016-11-27 | /index.php?id=gbook | http://spec.dev/index.php?id=gbook
2016-11-27 | /index.php?id=gbook | http://spec.dev/index.php?id=gbook
2016-11-29 | /index.php?id=gbook | http://spec.dev/index.php?id=gbook
2016-11-29 | /index.php?id=gbook | http://spec.dev/index.php?id=gbook
2016-11-29 | /index.php?id=gbook | http://spec.dev/index.php?id=gbook
2016-11-29 | /index.php?id=gbook | http://spec.dev/index.php?id=gbook
2016-11-30 | / | 
2016-11-30 | / | 
2016-12-01 | /index.php?id=gbook | http://spec.dev/index.php?id=gbook
2016-12-01 | / | 
2016-12-01 | /index.php?id=log | http://spec.dev/
2016-12-01 | /index.php?id=gbook | http://spec.dev/index.php?id=log
2016-12-01 | /index.php?id=gbook | http://spec.dev/index.php?id=log
2016-12-01 | /index.php?id=gbook | http://spec.dev/index.php?id=log
2016-12-01 | /index.php?id=gbook | http://spec.dev/index.php?id=log
2016-12-01 | /index.php?id=gbook | http://spec.dev/index.php?id=log
2016-12-01 | /index.php?id=gbook | http://spec.dev/index.php?id=log
2016-12-01 | /index.php?id=gbook | http://spec.dev/index.php?id=log
2016-12-01 | /index.php?id=gbook | http://spec.dev/index.php?id=log
2016-12-01 | / | 
2016-12-01 | /index.php?id=log | http://spec.dev/
2016-12-01 | /index.php?id=gbook | http://spec.dev/index.php?id=log
2016-12-01 | / | 
2016-12-01 | / | 
2016-12-01 | /index.php?id=gbook | http://spec.dev/
2016-12-01 | /index.php | http://spec.dev/
2016-12-01 | /index.php?id=contact | http://spec.dev/index.php
2016-12-01 | /index.php?id=about | http://spec.dev/index.php?id=contact
2016-12-01 | /index.php?id=info | http://spec.dev/index.php?id=about
2016-12-01 | /index.php | http://spec.dev/test/index.php
2016-12-01 | / | 
2016-12-01 | /index.php?id=gbook | http://spec.dev/
2016-12-01 | /index.php?id=gbook | http://spec.dev/
2016-12-01 | /index.php?id=gbook | http://spec.dev/
2016-12-01 | / | 
2016-12-01 | /index.php | http://spec.dev/
2016-12-01 | /index.php?id=contact | http://spec.dev/index.php
2016-12-01 | /index.php?id=about | http://spec.dev/index.php?id=contact
2016-12-01 | /index.php?id=info | http://spec.dev/index.php?id=about
2016-12-01 | /index.php?id=log | http://spec.dev/index.php?id=info
2016-12-01 | /index.php?id=gbook | http://spec.dev/index.php?id=log
2016-12-01 | /index.php?id=gbook | http://spec.dev/index.php?id=log
2016-12-01 | /index.php?id=gbook | http://spec.dev/index.php?id=log
2016-12-01 | /index.php?id=gbook | http://spec.dev/index.php?id=gbook
2016-12-01 | /index.php?id=gbook | http://spec.dev/index.php?id=gbook
2016-12-01 | /index.php?id=gbook | http://spec.dev/index.php?id=gbook
2016-12-01 | /index.php?id=gbook | http://spec.dev/index.php?id=gbook
2016-12-01 | /index.php?id=gbook | http://spec.dev/index.php?id=gbook
2016-12-01 | /index.php?id=gbook | http://spec.dev/index.php?id=gbook
2016-12-01 | /index.php?id=gbook | http://spec.dev/index.php?id=gbook
2016-12-01 | /index.php?id=gbook | http://spec.dev/index.php?id=gbook
2016-12-01 | /index.php?id=gbook | http://spec.dev/index.php?id=gbook
2016-12-01 | /index.php?id=gbook | http://spec.dev/index.php?id=gbook
2016-12-01 | /index.php?id=gbook | http://spec.dev/index.php?id=gbook
2016-12-01 | /index.php?id=gbook | http://spec.dev/index.php?id=gbook
2016-12-01 | /index.php?id=gbook | http://spec.dev/index.php?id=gbook
2016-12-01 | /index.php?id=gbook | http://spec.dev/index.php?id=gbook
2016-12-01 | /index.php?id=gbook | http://spec.dev/index.php?id=gbook
2016-12-01 | /index.php?id=gbook | http://spec.dev/index.php?id=gbook
2016-12-02 | / | 
2016-12-02 | /index.php?id=gbook | http://spec.dev/
2016-12-02 | /index.php?id=gbook | http://spec.dev/
2016-12-02 | /index.php?id=gbook | http://spec.dev/
2016-12-02 | /index.php?id=gbook | http://spec.dev/
2016-12-02 | /index.php?id=gbook | http://spec.dev/
2016-12-02 | /index.php?id=gbook | http://spec.dev/
2016-12-02 | /index.php?id=gbook | http://spec.dev/
2016-12-02 | /index.php?id=gbook | http://spec.dev/
2016-12-02 | /index.php?id=gbook&del=16 | http://spec.dev/index.php?id=gbook
2016-12-02 | /index.php?id=gbook&del=15 | http://spec.dev/index.php?id=gbook&del=16
2016-12-02 | /index.php?id=gbook&del=14 | http://spec.dev/index.php?id=gbook&del=15
2016-12-02 | /index.php?id=gbook&del=13 | http://spec.dev/index.php?id=gbook&del=14
2016-12-02 | /index.php?id=gbook&del=12 | http://spec.dev/index.php?id=gbook&del=13
2016-12-02 | /index.php?id=gbook&del=11 | http://spec.dev/index.php?id=gbook&del=12
2016-12-02 | /index.php?id=gbook&del=10 | http://spec.dev/index.php?id=gbook&del=11
2016-12-02 | /index.php?id=gbook&del=9 | http://spec.dev/index.php?id=gbook&del=10
2016-12-02 | /index.php?id=gbook&del=9 | http://spec.dev/index.php?id=gbook&del=10
2016-12-02 | /index.php?id=gbook&del=9 | http://spec.dev/index.php?id=gbook&del=9
2016-12-02 | /index.php?id=gbook&del=9 | http://spec.dev/index.php?id=gbook&del=9
2016-12-02 | /index.php?id=gbook&del=17 | http://spec.dev/index.php?id=gbook&del=9
2016-12-02 | /index.php?id=gbook&del=17 | http://spec.dev/index.php?id=gbook&del=9
2016-12-02 | /index.php?id=gbook&del=17 | http://spec.dev/index.php?id=gbook&del=9
2016-12-02 | /index.php?id=gbook&del=17 | http://spec.dev/index.php?id=gbook&del=9
2016-12-02 | /index.php?id=gbook&del=17 | http://spec.dev/index.php?id=gbook&del=9
2016-12-02 | /index.php?id=contact | http://spec.dev/index.php?id=gbook&del=17
2016-12-02 | /index.php?id=gbook | http://spec.dev/index.php?id=contact
2016-12-02 | /index.php?id=gbook | http://spec.dev/index.php?id=contact
2016-12-03 | /index.php?id=gbook | http://spec.dev/index.php?id=log
2016-12-03 | /index.php?id=gbook | http://spec.dev/index.php?id=log
2016-12-03 | /index.php?id=gbook&del=7 | http://spec.dev/index.php?id=gbook
2016-12-03 | /index.php?id=gbook&del=5 | http://spec.dev/index.php?id=gbook&del=7
2016-12-05 | /index.php?id=gbook&del=5 | http://spec.dev/index.php?id=gbook&del=7
2016-12-05 | / | 
